<?xml version="1.0" encoding="UTF-8"?>
<!-- Generated by org.testng.reporters.JUnitReportReporter -->
<testsuite hostname="DESKTOP-H9GIMGA" failures="0" tests="1" name="test.Logintest" time="4.934" errors="0" timestamp="2024-12-29T12:20:44 IST" skipped="0">
  <testcase classname="test.Logintest" name="test" time="4.934"/>
  <system-out/>
</testsuite> <!-- test.Logintest -->
