<?xml version="1.0" encoding="UTF-8"?>
<!-- Generated by org.testng.reporters.JUnitReportReporter -->
<testsuite hostname="DESKTOP-H9GIMGA" failures="0" tests="1" name="test.Signuptest" time="7.916" errors="0" timestamp="2024-12-29T12:19:02 IST" skipped="0">
  <testcase classname="test.Signuptest" name="test" time="7.916"/>
  <system-out/>
</testsuite> <!-- test.Signuptest -->
